-------------------------------------------------------------------------------
Test set: Get Mentor Class
-------------------------------------------------------------------------------
Tests run: 3, Failures: 1, Errors: 0, Skipped: 0, Time elapsed: 6.117 s <<< FAILURE! - in Get Mentor Class
Get Mentor Class.Get mentor class with valid path  Time elapsed: 2.174 s  <<< FAILURE!
java.lang.AssertionError: 
1 expectation failed.
Expected status code <200> but was <201>.


