-------------------------------------------------------------------------------
Test set: Post Create Credentials
-------------------------------------------------------------------------------
Tests run: 5, Failures: 1, Errors: 0, Skipped: 0, Time elapsed: 9.115 s <<< FAILURE! - in Post Create Credentials
Post Create Credentials.Post create Credentials with valid request body  Time elapsed: 1.854 s  <<< FAILURE!
java.lang.AssertionError: 
1 expectation failed.
Expected status code <201> but was <400>.


