<?xml version="1.0" encoding="UTF-8"?><testsuite errors="0" failures="0" name="Post Register Student and Mentor" skipped="0" tests="12" time="6.76" timestamp="2023-08-21 10:51:21"><testcase name="Register new student with valid data"/><testcase name="Register new student with invalid data"/><testcase name="Register new student without data"/><testcase name="Register new student with invalid path"/><testcase name="Register new student with incomplete data"/><testcase name="Register new student with data has been used"/><testcase name="Register new mentor with valid data"/><testcase name="Register new mentor with invalid data"/><testcase name="Register new mentor without data"/><testcase name="Register new mentor with invalid path"/><testcase name="Register new Mentor with incomplete data"/><testcase name="Register new Mentor with data has been used"/></testsuite>