<?xml version="1.0" encoding="UTF-8"?><testsuite errors="0" failures="1" name="Post Create Credentials" skipped="0" tests="5" time="9.33" timestamp="2023-08-21 10:44:25"><testcase name="Post create Credentials with valid request body"><failure message="1 expectation failed.&#10;Expected status code &lt;201&gt; but was &lt;400&gt;.&#10;" type="java.lang.AssertionError">1 expectation failed.
Expected status code &lt;201&gt; but was &lt;400&gt;.
</failure><system-err>1 expectation failed.
Expected status code &lt;201&gt; but was &lt;400&gt;.
&#13;
io.restassured.internal.ResponseSpecificationImpl.validateResponseIfRequired(ResponseSpecificationImpl.groovy:674)&#13;
io.restassured.internal.ResponseSpecificationImpl.statusCode(ResponseSpecificationImpl.groovy:126)&#13;
io.restassured.internal.ResponseSpecificationImpl.statusCode(ResponseSpecificationImpl.groovy:134)&#13;
io.restassured.internal.ValidatableResponseOptionsImpl.statusCode(ValidatableResponseOptionsImpl.java:89)&#13;
io.restassured.internal.ValidatableResponseImpl.super$2$statusCode(ValidatableResponseImpl.groovy)&#13;
groovy.lang.MetaMethod.doMethodInvoke(MetaMethod.java:323)&#13;
groovy.lang.MetaClassImpl.invokeMethod(MetaClassImpl.java:1267)&#13;
io.restassured.internal.ValidatableResponseImpl.statusCode(ValidatableResponseImpl.groovy:142)&#13;
io.restassured.internal.ValidatableResponseImpl.statusCode(ValidatableResponseImpl.groovy)&#13;
starter.Utils.StatusCode.statusCodeShouldBeCreated(StatusCode.java:27)&#13;
✽.Status code should be 201 Created(classpath:features/Mentor/PostCredentialsMentor.feature:8)&#13;
</system-err></testcase><testcase name="Post create Credentials with invalid request body"/><testcase name="Post create Credentials with empty type"/><testcase name="Post create Credentials with empty name"/><testcase name="Post create Credentials with empty type and empty name"/></testsuite>