<?xml version="1.0" encoding="UTF-8"?><testsuite errors="0" failures="0" name="Post Login Student and Mentor" skipped="0" tests="10" time="8.12" timestamp="2023-08-21 10:51:13"><testcase name="Login student with valid data"/><testcase name="Login student with invalid data using unregistered student"/><testcase name="Login student without request body"/><testcase name="Login student with invalid path"/><testcase name="Login student with incomplete data"/><testcase name="Login Mentor with valid data"/><testcase name="Login mentor with invalid data using unregistered mentor"/><testcase name="Login mentor without request body"/><testcase name="Login mentor with invalid path"/><testcase name="Login mentor with incomplete data"/></testsuite>