<?xml version="1.0" encoding="UTF-8"?><testsuite errors="0" failures="0" name="Put Edit Password Mentor" skipped="0" tests="6" time="14.34" timestamp="2023-08-20 10:25:38"><testcase name="Put edit mentor password with valid request body"/><testcase name="Put edit mentor password with invalid request body"/><testcase name="Put edit mentor password with empty old password"/><testcase name="Put edit mentor password with empty new old password"/><testcase name="Put edit mentor password with empty confirmation old password"/><testcase name="Put edit mentor password with all empty value of password"/></testsuite>