<?xml version="1.0" encoding="UTF-8"?><testsuite errors="0" failures="2" name="Post Register Student and Mentor" skipped="0" tests="12" time="3.2" timestamp="2023-08-20 10:24:47"><testcase name="Register new student with valid data"><failure message="1 expectation failed.&#10;Expected status code &lt;201&gt; but was &lt;400&gt;.&#10;" type="java.lang.AssertionError">1 expectation failed.
Expected status code &lt;201&gt; but was &lt;400&gt;.
</failure><system-err>1 expectation failed.
Expected status code &lt;201&gt; but was &lt;400&gt;.
&#13;
io.restassured.internal.ResponseSpecificationImpl.validateResponseIfRequired(ResponseSpecificationImpl.groovy:674)&#13;
io.restassured.internal.ResponseSpecificationImpl.statusCode(ResponseSpecificationImpl.groovy:126)&#13;
io.restassured.internal.ResponseSpecificationImpl.statusCode(ResponseSpecificationImpl.groovy:134)&#13;
io.restassured.internal.ValidatableResponseOptionsImpl.statusCode(ValidatableResponseOptionsImpl.java:89)&#13;
io.restassured.internal.ValidatableResponseImpl.super$2$statusCode(ValidatableResponseImpl.groovy)&#13;
groovy.lang.MetaMethod.doMethodInvoke(MetaMethod.java:323)&#13;
groovy.lang.MetaClassImpl.invokeMethod(MetaClassImpl.java:1267)&#13;
io.restassured.internal.ValidatableResponseImpl.statusCode(ValidatableResponseImpl.groovy:142)&#13;
io.restassured.internal.ValidatableResponseImpl.statusCode(ValidatableResponseImpl.groovy)&#13;
serenity.rest.starter@1.0.0-SNAPSHOT/starter.Utils.StatusCode.statusCodeShouldBeCreated(StatusCode.java:27)&#13;
✽.Status code should be 201 Created(classpath:features/Auth/Register.feature:8)&#13;
</system-err></testcase><testcase name="Register new student with invalid data"/><testcase name="Register new student without data"/><testcase name="Register new student with invalid path"/><testcase name="Register new student with incomplete data"/><testcase name="Register new student with data has been used"/><testcase name="Register new mentor with valid data"><failure message="1 expectation failed.&#10;Expected status code &lt;201&gt; but was &lt;400&gt;.&#10;" type="java.lang.AssertionError">1 expectation failed.
Expected status code &lt;201&gt; but was &lt;400&gt;.
</failure><system-err>1 expectation failed.
Expected status code &lt;201&gt; but was &lt;400&gt;.
&#13;
io.restassured.internal.ResponseSpecificationImpl.validateResponseIfRequired(ResponseSpecificationImpl.groovy:674)&#13;
io.restassured.internal.ResponseSpecificationImpl.statusCode(ResponseSpecificationImpl.groovy:126)&#13;
io.restassured.internal.ResponseSpecificationImpl.statusCode(ResponseSpecificationImpl.groovy:134)&#13;
io.restassured.internal.ValidatableResponseOptionsImpl.statusCode(ValidatableResponseOptionsImpl.java:89)&#13;
io.restassured.internal.ValidatableResponseImpl.super$2$statusCode(ValidatableResponseImpl.groovy)&#13;
groovy.lang.MetaMethod.doMethodInvoke(MetaMethod.java:323)&#13;
groovy.lang.MetaClassImpl.invokeMethod(MetaClassImpl.java:1267)&#13;
io.restassured.internal.ValidatableResponseImpl.statusCode(ValidatableResponseImpl.groovy:142)&#13;
io.restassured.internal.ValidatableResponseImpl.statusCode(ValidatableResponseImpl.groovy)&#13;
serenity.rest.starter@1.0.0-SNAPSHOT/starter.Utils.StatusCode.statusCodeShouldBeCreated(StatusCode.java:27)&#13;
✽.Status code should be 201 Created(classpath:features/Auth/Register.feature:55)&#13;
</system-err></testcase><testcase name="Register new mentor with invalid data"/><testcase name="Register new mentor without data"/><testcase name="Register new mentor with invalid path"/><testcase name="Register new Mentor with incomplete data"/><testcase name="Register new Mentor with data has been used"/></testsuite>