<?xml version="1.0" encoding="UTF-8"?><testsuite errors="0" failures="0" name="Edit Password student" skipped="0" tests="6" time="16.6" timestamp="2023-08-16 06:46:58"><testcase name="Edit Student password with valid request body"/><testcase name="Edit student passwotd with invalid request body"/><testcase name="Edit student passwotd with empty old password"/><testcase name="Edit student passwotd with empty new password"/><testcase name="Edit student passwotd with empty confirmation password"/><testcase name="Edit student passwotd with empty request body"/></testsuite>